#
# A fatal error has been detected by the Java Runtime Environment:
#
#  EXCEPTION_ACCESS_VIOLATION (0xc0000005) at pc=0x000007fef6fe6e9d, pid=5312, tid=3980
#
# JRE version: Java(TM) SE Runtime Environment (8.0_25-b18) (build 1.8.0_25-b18)
# Java VM: Java HotSpot(TM) 64-Bit Server VM (25.25-b02 mixed mode windows-amd64 compressed oops)
# Problematic frame:
# C  0x000007fef6fe6e9d
#
# Failed to write core dump. Minidumps are not enabled by default on client versions of Windows
#
# If you would like to submit a bug report, please visit:
#   http://bugreport.sun.com/bugreport/crash.jsp
# The crash happened outside the Java Virtual Machine in native code.
# See problematic frame for where to report the bug.
#

---------------  T H R E A D  ---------------

Current thread (0x000000001f6d8800):  JavaThread "Thread-2" [_thread_in_native, id=3980, stack(0x0000000024420000,0x0000000024520000)]

siginfo: ExceptionCode=0xc0000005, ExceptionInformation=0x0000000000000008 0x000007fef6fe6e9d

Registers:
RAX=0x0000000000000000, RBX=0x000000001f511308, RCX=0x0000000076fb5c3a, RDX=0x0000000000000000
RSP=0x000000002451efa0, RBP=0x0000000000010001, RSI=0x0000000000000000, RDI=0x000000001f511300
R8 =0x000000002451ef98, R9 =0x0000000000010001, R10=0x0000000000000000, R11=0x0000000000000246
R12=0x0000000000000000, R13=0x000000001c366250, R14=0x000000002451f130, R15=0x000000001f6d8800
RIP=0x000007fef6fe6e9d, EFLAGS=0x0000000000010246

Top of Stack: (sp=0x000000002451efa0)
0x000000002451efa0:   fffffffffffffffe 000000002451f130
0x000000002451efb0:   000000001c366250 0000000000000000
0x000000002451efc0:   000000001f511358 0000000000010001
0x000000002451efd0:   000000001f511300 000007fef7006f5e
0x000000002451efe0:   000000001f511308 0000000000000000
0x000000002451eff0:   fffffffffffffffe 000000001f6d8800
0x000000002451f000:   0000000000000001 000000006605e0b0
0x000000002451f010:   0000000000000000 000000001d80c800
0x000000002451f020:   000000002451f130 000000002451f040
0x000000002451f030:   0000000000000000 0000000066062894
0x000000002451f040:   000000001f645ae0 0000000000000000
0x000000002451f050:   000000000000031a 000000076beb16a8
0x000000002451f060:   0000000000000118 0000000002815b74
0x000000002451f070:   000000001c366250 000000002451f0f8
0x000000002451f080:   0000000021000021 000000001c0f0980
0x000000002451f090:   000000000000023c 000000002451f0b0 

Instructions: (pc=0x000007fef6fe6e9d)
0x000007fef6fe6e7d:   
[error occurred during error reporting (printing registers, top of stack, instructions near pc), id 0xc0000005]

Register to memory mapping:

RAX=0x0000000000000000 is an unknown value
RBX=0x000000001f511308 is an unknown value
RCX=0x0000000076fb5c3a is an unknown value
RDX=0x0000000000000000 is an unknown value
RSP=0x000000002451efa0 is pointing into the stack for thread: 0x000000001f6d8800
RBP=0x0000000000010001 is an unknown value
RSI=0x0000000000000000 is an unknown value
RDI=0x000000001f511300 is an unknown value
R8 =0x000000002451ef98 is pointing into the stack for thread: 0x000000001f6d8800
R9 =0x0000000000010001 is an unknown value
R10=0x0000000000000000 is an unknown value
R11=0x0000000000000246 is an unknown value
R12=0x0000000000000000 is an unknown value
R13={method} {0x000000001c366258} 'initOps' '(III)V' in 'sun/java2d/d3d/D3DSurfaceData'
R14=0x000000002451f130 is pointing into the stack for thread: 0x000000001f6d8800
R15=0x000000001f6d8800 is a thread


Stack: [0x0000000024420000,0x0000000024520000],  sp=0x000000002451efa0,  free space=1019k
Native frames: (J=compiled Java code, j=interpreted, Vv=VM code, C=native code)
C  0x000007fef6fe6e9d

Java frames: (J=compiled Java code, j=interpreted, Vv=VM code)
j  sun.java2d.d3d.D3DSurfaceData.initOps(III)V+0
j  sun.java2d.d3d.D3DSurfaceData.<init>(Lsun/awt/windows/WComponentPeer;Lsun/java2d/d3d/D3DGraphicsConfig;IILjava/awt/Image;Ljava/awt/image/ColorModel;IILsun/java2d/pipe/hw/ExtendedBufferCapabilities$VSyncType;I)V+76
j  sun.java2d.d3d.D3DSurfaceData.createData(Lsun/awt/windows/WComponentPeer;Ljava/awt/Image;)Lsun/java2d/d3d/D3DSurfaceData;+117
j  sun.java2d.d3d.D3DVolatileSurfaceManager.initAcceleratedSurface()Lsun/java2d/SurfaceData;+59
j  sun.java2d.d3d.D3DVolatileSurfaceManager.restoreAcceleratedSurface()V+62
J 692 C1 sun.awt.image.VolatileSurfaceManager.validate(Ljava/awt/GraphicsConfiguration;)I (204 bytes) @ 0x0000000002aaf9b4 [0x0000000002aaf360+0x654]
J 691 C1 sun.awt.image.SunVolatileImage.validate(Ljava/awt/GraphicsConfiguration;)I (9 bytes) @ 0x0000000002aaef44 [0x0000000002aaee40+0x104]
J 754 C1 java.awt.Component$FlipBufferStrategy.revalidate(Z)V (143 bytes) @ 0x0000000002ad94ec [0x0000000002ad8fc0+0x52c]
J 752 C1 java.awt.Component$FlipBufferStrategy.getDrawGraphics()Ljava/awt/Graphics; (12 bytes) @ 0x0000000002ad354c [0x0000000002ad3380+0x1cc]
J 751 C1 game_engine.Display.render(D)V (118 bytes) @ 0x0000000002ad75fc [0x0000000002ad74e0+0x11c]
j  game_engine.GameThread.run()V+116
j  java.lang.Thread.run()V+11
v  ~StubRoutines::call_stub

---------------  P R O C E S S  ---------------

Java Threads: ( => current thread )
  0x000000001da4d000 JavaThread "Thread-0" daemon [_thread_in_native, id=4936, stack(0x0000000024c60000,0x0000000024d60000)]
  0x000000000220e000 JavaThread "DestroyJavaVM" [_thread_blocked, id=5488, stack(0x0000000002430000,0x0000000002530000)]
=>0x000000001f6d8800 JavaThread "Thread-2" [_thread_in_native, id=3980, stack(0x0000000024420000,0x0000000024520000)]
  0x000000001f6b4000 JavaThread "AWT-EventQueue-0" [_thread_blocked, id=5384, stack(0x0000000023540000,0x0000000023640000)]
  0x000000001f644000 JavaThread "AWT-Shutdown" [_thread_blocked, id=5176, stack(0x0000000020030000,0x0000000020130000)]
  0x000000001daaf000 JavaThread "Java2D Disposer" daemon [_thread_blocked, id=2592, stack(0x000000001feb0000,0x000000001ffb0000)]
  0x000000001d7e7800 JavaThread "Service Thread" daemon [_thread_blocked, id=5932, stack(0x000000001f340000,0x000000001f440000)]
  0x000000001d786000 JavaThread "C1 CompilerThread3" daemon [_thread_blocked, id=3872, stack(0x000000001f140000,0x000000001f240000)]
  0x000000001d772000 JavaThread "C2 CompilerThread2" daemon [_thread_blocked, id=2844, stack(0x000000001ef80000,0x000000001f080000)]
  0x000000001d76a800 JavaThread "C2 CompilerThread1" daemon [_thread_blocked, id=2792, stack(0x000000001eca0000,0x000000001eda0000)]
  0x000000001d763800 JavaThread "C2 CompilerThread0" daemon [_thread_blocked, id=1572, stack(0x000000001ede0000,0x000000001eee0000)]
  0x000000001d75b000 JavaThread "Attach Listener" daemon [_thread_blocked, id=5708, stack(0x000000001eb20000,0x000000001ec20000)]
  0x000000001d75a000 JavaThread "Signal Dispatcher" daemon [_thread_blocked, id=144, stack(0x000000001e960000,0x000000001ea60000)]
  0x00000000021bb800 JavaThread "Finalizer" daemon [_thread_blocked, id=5620, stack(0x000000001e820000,0x000000001e920000)]
  0x000000001c7b2000 JavaThread "Reference Handler" daemon [_thread_blocked, id=4992, stack(0x000000001e660000,0x000000001e760000)]

Other Threads:
  0x000000001d713000 VMThread [stack: 0x0000000002330000,0x0000000002430000] [id=1084]
  0x000000001d7fa800 WatcherThread [stack: 0x000000001f530000,0x000000001f630000] [id=5928]

VM state:not at safepoint (normal execution)

VM Mutex/Monitor currently owned by a thread: None

Heap:
 PSYoungGen      total 76288K, used 15729K [0x000000076b180000, 0x0000000770680000, 0x00000007c0000000)
  eden space 65536K, 24% used [0x000000076b180000,0x000000076c0dc640,0x000000076f180000)
  from space 10752K, 0% used [0x000000076fc00000,0x000000076fc00000,0x0000000770680000)
  to   space 10752K, 0% used [0x000000076f180000,0x000000076f180000,0x000000076fc00000)
 ParOldGen       total 175104K, used 0K [0x00000006c1400000, 0x00000006cbf00000, 0x000000076b180000)
  object space 175104K, 0% used [0x00000006c1400000,0x00000006c1400000,0x00000006cbf00000)
 Metaspace       used 8883K, capacity 9058K, committed 9088K, reserved 1056768K
  class space    used 1061K, capacity 1126K, committed 1152K, reserved 1048576K

Card table byte_map: [0x0000000011bc0000,0x00000000123c0000] byte_map_base: 0x000000000e5b6000

Marking Bits: (ParMarkBitMap*) 0x00000000593bd490
 Begin Bits: [0x0000000013670000, 0x0000000017620000)
 End Bits:   [0x0000000017620000, 0x000000001b5d0000)

Polling page: 0x0000000000320000

CodeCache: size=245760Kb used=3100Kb max_used=3111Kb free=242659Kb
 bounds [0x0000000002800000, 0x0000000002b10000, 0x0000000011800000]
 total_blobs=1270 nmethods=808 adapters=376
 compilation: enabled

Compilation events (10 events):
Event: 9.207 Thread 0x000000001d786000  805   !   3       sun.java2d.d3d.D3DRenderQueue::sync (67 bytes)
Event: 9.208 Thread 0x000000001d786000 nmethod 805 0x0000000002b08c50 code [0x0000000002b08ec0, 0x0000000002b09fe8]
Event: 9.882 Thread 0x000000001d76a800  806       4       java.lang.String::getChars (62 bytes)
Event: 9.885 Thread 0x000000001d76a800 nmethod 806 0x0000000002b07350 code [0x0000000002b074a0, 0x0000000002b075d8]
Event: 9.982 Thread 0x000000001d772000  807       4       sun.util.logging.PlatformLogger$DefaultLoggerProxy::isLoggable (29 bytes)
Event: 9.982 Thread 0x000000001d763800  808       4       sun.util.logging.PlatformLogger::isLoggable (38 bytes)
Event: 9.985 Thread 0x000000001d772000 nmethod 807 0x0000000002b05cd0 code [0x0000000002b05e20, 0x0000000002b05ef8]
Event: 9.985 Thread 0x000000001d763800 nmethod 808 0x0000000002b05850 code [0x0000000002b059a0, 0x0000000002b05af8]
Event: 10.692 Thread 0x000000001d76a800  809       4       java.awt.geom.AffineTransform::equals (92 bytes)
Event: 10.694 Thread 0x000000001d76a800 nmethod 809 0x0000000002b05550 code [0x0000000002b056a0, 0x0000000002b05798]

GC Heap History (0 events):
No events

Deoptimization events (0 events):
No events

Internal exceptions (10 events):
Event: 0.200 Thread 0x000000000220e000 Exception <a 'java/security/PrivilegedActionException'> (0x000000076b698258) thrown at [D:\re\workspace\8-2-build-windows-amd64-cygwin\jdk8u25\1677\hotspot\src\share\vm\prims\jvm.cpp, line 1312]
Event: 0.200 Thread 0x000000001f6d8800 Exception <a 'java/security/PrivilegedActionException'> (0x000000076b92e770) thrown at [D:\re\workspace\8-2-build-windows-amd64-cygwin\jdk8u25\1677\hotspot\src\share\vm\prims\jvm.cpp, line 1312]
Event: 0.200 Thread 0x000000000220e000 Exception <a 'java/security/PrivilegedActionException'> (0x000000076b699f08) thrown at [D:\re\workspace\8-2-build-windows-amd64-cygwin\jdk8u25\1677\hotspot\src\share\vm\prims\jvm.cpp, line 1312]
Event: 0.200 Thread 0x000000000220e000 Exception <a 'java/security/PrivilegedActionException'> (0x000000076b69b4f8) thrown at [D:\re\workspace\8-2-build-windows-amd64-cygwin\jdk8u25\1677\hotspot\src\share\vm\prims\jvm.cpp, line 1312]
Event: 0.201 Thread 0x000000000220e000 Exception <a 'java/security/PrivilegedActionException'> (0x000000076b69cc48) thrown at [D:\re\workspace\8-2-build-windows-amd64-cygwin\jdk8u25\1677\hotspot\src\share\vm\prims\jvm.cpp, line 1312]
Event: 0.202 Thread 0x000000000220e000 Exception <a 'java/security/PrivilegedActionException'> (0x000000076b69e778) thrown at [D:\re\workspace\8-2-build-windows-amd64-cygwin\jdk8u25\1677\hotspot\src\share\vm\prims\jvm.cpp, line 1312]
Event: 0.202 Thread 0x000000000220e000 Exception <a 'java/security/PrivilegedActionException'> (0x000000076bbbea38) thrown at [D:\re\workspace\8-2-build-windows-amd64-cygwin\jdk8u25\1677\hotspot\src\share\vm\prims\jvm.cpp, line 1312]
Event: 0.211 Thread 0x000000001f6d8800 Exception <a 'java/security/PrivilegedActionException'> (0x000000076b93d3b0) thrown at [D:\re\workspace\8-2-build-windows-amd64-cygwin\jdk8u25\1677\hotspot\src\share\vm\prims\jvm.cpp, line 1312]
Event: 0.214 Thread 0x000000001f6d8800 Exception <a 'java/security/PrivilegedActionException'> (0x000000076b947f30) thrown at [D:\re\workspace\8-2-build-windows-amd64-cygwin\jdk8u25\1677\hotspot\src\share\vm\prims\jvm.cpp, line 1312]
Event: 0.214 Thread 0x000000001f6d8800 Exception <a 'java/security/PrivilegedActionException'> (0x000000076b949598) thrown at [D:\re\workspace\8-2-build-windows-amd64-cygwin\jdk8u25\1677\hotspot\src\share\vm\prims\jvm.cpp, line 1312]

Events (10 events):
Event: 5.894 loading class sun/reflect/ClassDefiner$1
Event: 5.894 loading class sun/reflect/ClassDefiner$1 done
Event: 5.895 loading class sun/reflect/BootstrapConstructorAccessorImpl
Event: 5.895 loading class sun/reflect/BootstrapConstructorAccessorImpl done
Event: 10.838 Thread 0x000000001d841000 Thread added: 0x000000001d841000
Event: 10.838 Thread 0x000000001da4d000 Thread added: 0x000000001da4d000
Event: 10.838 Thread 0x000000001d841000 Thread exited: 0x000000001d841000
Event: 10.838 Thread 0x000000001f6d6000 Thread exited: 0x000000001f6d6000
Event: 10.839 loading class sun/java2d/pipe/hw/AccelDeviceEventNotifier
Event: 10.839 loading class sun/java2d/pipe/hw/AccelDeviceEventNotifier done


Dynamic libraries:
0x000000013fe40000 - 0x000000013fe74000 	C:\Program Files\Java\jre1.8.0_25\bin\javaw.exe
0x00000000771c0000 - 0x0000000077369000 	C:\Windows\SYSTEM32\ntdll.dll
0x00000000770a0000 - 0x00000000771bf000 	C:\Windows\system32\kernel32.dll
0x000007fefd1f0000 - 0x000007fefd25c000 	C:\Windows\system32\KERNELBASE.dll
0x000007fefe2d0000 - 0x000007fefe3ab000 	C:\Windows\system32\ADVAPI32.dll
0x000007fefed50000 - 0x000007fefedef000 	C:\Windows\system32\msvcrt.dll
0x000007fefe3b0000 - 0x000007fefe3cf000 	C:\Windows\SYSTEM32\sechost.dll
0x000007feff3a0000 - 0x000007feff4cd000 	C:\Windows\system32\RPCRT4.dll
0x0000000076fa0000 - 0x000000007709a000 	C:\Windows\system32\USER32.dll
0x000007fefeb20000 - 0x000007fefeb87000 	C:\Windows\system32\GDI32.dll
0x000007fefefd0000 - 0x000007fefefde000 	C:\Windows\system32\LPK.dll
0x000007fefd340000 - 0x000007fefd409000 	C:\Windows\system32\USP10.dll
0x000007fefa600000 - 0x000007fefa7f4000 	C:\Windows\WinSxS\amd64_microsoft.windows.common-controls_6595b64144ccf1df_6.0.7601.17514_none_fa396087175ac9ac\COMCTL32.dll
0x000007fefe560000 - 0x000007fefe5d1000 	C:\Windows\system32\SHLWAPI.dll
0x000007fefec70000 - 0x000007fefec9e000 	C:\Windows\system32\IMM32.DLL
0x000007fefd410000 - 0x000007fefd519000 	C:\Windows\system32\MSCTF.dll
0x00000000661e0000 - 0x00000000662b2000 	C:\Program Files\Java\jre1.8.0_25\bin\msvcr100.dll
0x0000000058be0000 - 0x000000005943a000 	C:\Program Files\Java\jre1.8.0_25\bin\server\jvm.dll
0x000007feef4d0000 - 0x000007feef4d9000 	C:\Windows\system32\WSOCK32.dll
0x000007feff2b0000 - 0x000007feff2fd000 	C:\Windows\system32\WS2_32.dll
0x000007fefed40000 - 0x000007fefed48000 	C:\Windows\system32\NSI.dll
0x000007fef9d40000 - 0x000007fef9d7b000 	C:\Windows\system32\WINMM.dll
0x0000000077380000 - 0x0000000077387000 	C:\Windows\system32\PSAPI.DLL
0x0000000058bd0000 - 0x0000000058bdf000 	C:\Program Files\Java\jre1.8.0_25\bin\verify.dll
0x0000000058ba0000 - 0x0000000058bc8000 	C:\Program Files\Java\jre1.8.0_25\bin\java.dll
0x0000000058b80000 - 0x0000000058b96000 	C:\Program Files\Java\jre1.8.0_25\bin\zip.dll
0x000007fefd540000 - 0x000007fefe2c8000 	C:\Windows\system32\SHELL32.dll
0x000007fefe910000 - 0x000007fefeb13000 	C:\Windows\system32\ole32.dll
0x000007fefcf80000 - 0x000007fefcf8f000 	C:\Windows\system32\profapi.dll
0x0000000066040000 - 0x00000000661d8000 	C:\Program Files\Java\jre1.8.0_25\bin\awt.dll
0x000007fefeb90000 - 0x000007fefec67000 	C:\Windows\system32\OLEAUT32.dll
0x000007fefa170000 - 0x000007fefa188000 	C:\Windows\system32\DWMAPI.DLL
0x000007fefa550000 - 0x000007fefa5a6000 	C:\Windows\system32\uxtheme.dll
0x000007fef3670000 - 0x000007fef3691000 	C:\Program Files\NVIDIA Corporation\Display\NvSmartMax64.dll
0x000007fefc1e0000 - 0x000007fefc1f1000 	C:\Windows\system32\WTSAPI32.dll
0x000007fefbd90000 - 0x000007fefbdbd000 	C:\Windows\system32\ntmarta.dll
0x000007fefe8b0000 - 0x000007fefe902000 	C:\Windows\system32\WLDAP32.dll
0x000007fefce20000 - 0x000007fefce2f000 	C:\Windows\system32\CRYPTBASE.dll
0x000007fefc050000 - 0x000007fefc05c000 	C:\Windows\system32\VERSION.dll
0x0000000180000000 - 0x00000001802b7000 	C:\Windows\system32\nvspcap64.dll
0x000007fefedf0000 - 0x000007fefefc7000 	C:\Windows\system32\SETUPAPI.dll
0x000007fefd160000 - 0x000007fefd196000 	C:\Windows\system32\CFGMGR32.dll
0x000007fefd1d0000 - 0x000007fefd1ea000 	C:\Windows\system32\DEVOBJ.dll
0x000007fee8ba0000 - 0x000007fee8d07000 	C:\Program Files (x86)\NVIDIA Corporation\3D Vision\nvSCPAPI64.dll
0x0000000066960000 - 0x00000000669a7000 	C:\Program Files\Java\jre1.8.0_25\bin\fontmanager.dll
0x0000000058b60000 - 0x0000000058b7a000 	C:\Program Files\Java\jre1.8.0_25\bin\net.dll
0x000007fefc750000 - 0x000007fefc7a5000 	C:\Windows\system32\mswsock.dll
0x000007fefc8a0000 - 0x000007fefc8a7000 	C:\Windows\System32\wship6.dll
0x0000000058b40000 - 0x0000000058b51000 	C:\Program Files\Java\jre1.8.0_25\bin\nio.dll
0x0000000066910000 - 0x0000000066951000 	C:\Program Files\Java\jre1.8.0_25\bin\t2k.dll
0x000007fef1ec0000 - 0x000007fef1fe5000 	C:\Windows\system32\dbghelp.dll

VM Arguments:
jvm_args: -Dfile.encoding=Cp1252 
java_command: game_engine.Main
java_class_path (initial): C:\Users\andrew\git\physics-engine\game_engine\bin
Launcher Type: SUN_STANDARD

Environment Variables:
PATH=C:/Program Files/Java/jre1.8.0_25/bin/server;C:/Program Files/Java/jre1.8.0_25/bin;C:/Program Files/Java/jre1.8.0_25/lib/amd64;C:\ProgramData\Oracle\Java\javapath;C:\Program Files (x86)\NVIDIA Corporation\PhysX\Common;C:\Program Files (x86)\Intel\iCLS Client\;C:\Program Files\Intel\iCLS Client\;C:\Windows\system32;C:\Windows;C:\Windows\System32\Wbem;C:\Windows\System32\WindowsPowerShell\v1.0\;C:\Program Files\Intel\Intel(R) Management Engine Components\DAL;C:\Program Files\Intel\Intel(R) Management Engine Components\IPT;C:\Program Files (x86)\Intel\Intel(R) Management Engine Components\DAL;C:\Program Files (x86)\Intel\Intel(R) Management Engine Components\IPT;C:\Program Files\TortoiseHg\;C:\Program Files\eclipse;
USERNAME=andrew
OS=Windows_NT
PROCESSOR_IDENTIFIER=Intel64 Family 6 Model 62 Stepping 4, GenuineIntel



---------------  S Y S T E M  ---------------

OS: Windows 7 , 64 bit Build 7601 Service Pack 1

CPU:total 8 (4 cores per cpu, 2 threads per core) family 6 model 62 stepping 4, cmov, cx8, fxsr, mmx, sse, sse2, sse3, ssse3, sse4.1, sse4.2, popcnt, avx, aes, clmul, erms, ht, tsc, tscinvbit

Memory: 4k page, physical 16694260k(13114344k free), swap 33386656k(28983356k free)

vm_info: Java HotSpot(TM) 64-Bit Server VM (25.25-b02) for windows-amd64 JRE (1.8.0_25-b18), built on Oct  7 2014 14:25:37 by "java_re" with MS VC++ 10.0 (VS2010)

time: Tue Dec 30 22:39:43 2014
elapsed time: 10 seconds (0d 0h 0m 10s)

